Arguments: 
  C:\Program Files (x86)\Mysoft\nodeJS\node.exe C:\Users\Administrator\AppData\Roaming\npm\node_modules\yarn\bin\yarn.js add umi-plugin-react --dev

PATH: 
  C:\Program Files (x86)\Razer Chroma SDK\bin;C:\Program Files\Razer Chroma SDK\bin;C:\Program Files\WinRAR;C:\ProgramData\Oracle\Java\javapath;C:\Windows\system32;C:\Windows;C:\Windows\System32\Wbem;C:\Windows\System32\WindowsPowerShell\v1.0\;C:\Program Files (x86)\Mysoft\Git\cmd;C:\Program Files\Java\jdk1.8.0_111\bin;C:\Program Files\Java\jdk1.8.0_111\jre\bin;C:\Program Files (x86)\Mysoft\nodeJS;C:\Program Files (x86)\Mysoft\nodeJS\;C:\Users\Administrator\AppData\Roaming\nvm;C:\Program Files\nodejs;C:\Users\Administrator\AppData\Local\Yarn\bin;C:\Program Files\TortoiseSVN\bin;C:\Users\Administrator\AppData\Roaming\npm

Yarn version: 
  1.9.4

Node version: 
  8.11.4

Platform: 
  win32 x64

Trace: 
  Error: EPERM: operation not permitted, mkdir 'E:\project\Company\tz_bus\hotelTicket\node_modules\anymatch\node_modules\expand-brackets\node_modules'

npm manifest: 
  {
    "private": true,
    "scripts": {
      "start": "set PORT=8001 && umi dev ",
      "build": "umi build",
      "lint": "eslint --ext .js src test",
      "precommit": "npm run lint"
    },
    "dependencies": {
      "@babel/polyfill": "^7.0.0-beta.51",
      "better-scroll": "^1.12.5",
      "dva": "^2.3.1",
      "react-transition-group": "^2.4.0",
      "tz_mobile": "^1.0.1",
      "umi": "^1.0.0",
      "umi-plugin-dva": "^0.7.1"
    },
    "devDependencies": {
      "babel-polyfill": "^6.26.0",
      "classnames": "^2.2.6",
      "eslint": "^4.14.0",
      "eslint-config-umi": "^0.1.1",
      "eslint-plugin-flowtype": "^2.34.1",
      "eslint-plugin-import": "^2.6.0",
      "eslint-plugin-jsx-a11y": "^5.1.1",
      "eslint-plugin-react": "^7.1.0",
      "husky": "^0.12.0",
      "install": "^0.12.1",
      "react-helmet": "^5.2.0",
      "react-intl": "^2.4.0",
      "tz_mobile": "^1.0.2",
      "umi-plugin-es5-imcompatible-versions": "^0.1.0",
      "umi-plugin-polyfill": "^0.2.0",
      "umi-plugin-react": "^1.0.3",
      "vconsole": "^3.2.0"
    },
    "name": "hotelticket",
    "version": "1.0.0",
    "description": "react umi dva ",
    "main": ".umirc.js",
    "repository": {
      "type": "git",
      "url": "git+https://github.com/likeDoMine/historyTicket.git"
    },
    "keywords": [
      "react",
      "umi",
      "dva"
    ],
    "author": "likeDomine",
    "license": "ISC",
    "bugs": {
      "url": "https://github.com/likeDoMine/historyTicket/issues"
    },
    "homepage": "https://github.com/likeDoMine/historyTicket#readme"
  }

yarn manifest: 
  No manifest

Lockfile: 
  No lockfile
